07.07.2022 16:50:04	Dieses Protokoll enthält Informationen über den Importvorgang eines Schemas in das Projekt "tsql_Tools_Log" auf dem Computer "LA0719" durch den Benutzer "karl".
07.07.2022 16:50:04	Der Import des Datenbankschemas wurde gestartet.
07.07.2022 16:50:13	Datenbankanmeldeinformationen werden ermittelt.
07.07.2022 16:50:13	Datenbankoptionen werden ermittelt.
07.07.2022 16:50:13	Option zum Erfassen der generischen datenbankweit gültigen Konfiguration
07.07.2022 16:50:13	Benutzer werden ermittelt.
07.07.2022 16:50:13	Rollen werden ermittelt.
07.07.2022 16:50:13	Anwendungsrollen werden ermittelt.
07.07.2022 16:50:13	Rollenmitgliedschaften werden ermittelt.
07.07.2022 16:50:13	Dateigruppen werden ermittelt.
07.07.2022 16:50:13	Volltextkataloge werden ermittelt.
07.07.2022 16:50:13	Assemblys werden ermittelt.
07.07.2022 16:50:13	Zertifikate werden ermittelt.
07.07.2022 16:50:13	Asymmetrische Schlüssel werden ermittelt.
07.07.2022 16:50:13	Symmetrische Schlüssel werden ermittelt.
07.07.2022 16:50:13	Verschlüsselte symmetrische Schlüssel werden ermittelt.
07.07.2022 16:50:13	Schemas werden ermittelt.
07.07.2022 16:50:13	XML-Schemaauflistungen werden ermittelt.
07.07.2022 16:50:13	Benutzerdefinierte Datentypen werden ermittelt.
07.07.2022 16:50:13	Benutzerdefinierte Typen werden ermittelt.
07.07.2022 16:50:13	Tabellentypen werden ermittelt.
07.07.2022 16:50:13	Eindeutige Schlüssel für Tabellentypen werden ermittelt
07.07.2022 16:50:13	Primärschlüssel für Tabellentypen werden ermittelt.
07.07.2022 16:50:13	Indizes für Tabellentypen werden ermittelt
07.07.2022 16:50:13	CHECK-Einschränkungen für Tabellentypen werden ermittelt.
07.07.2022 16:50:13	DEFAULT-Einschränkungen für Tabellentypen werden ermittelt.
07.07.2022 16:50:13	Partitionsfunktionen werden ermittelt.
07.07.2022 16:50:13	Partitionsschemas werden ermittelt.
07.07.2022 16:50:13	Funktionen werden ermittelt.
07.07.2022 16:50:13	Verschlüsselte Funktionen werden gesammelt.
07.07.2022 16:50:13	Aggregate werden ermittelt.
07.07.2022 16:50:13	Prozeduren werden ermittelt.
07.07.2022 16:50:13	Verschlüsselte Prozeduren werden gesammelt.
07.07.2022 16:50:13	Tabellen werden ermittelt.
07.07.2022 16:50:13	Primärschlüssel werden ermittelt.
07.07.2022 16:50:13	UNIQUE-Einschränkungen werden ermittelt.
07.07.2022 16:50:13	Fremdschlüssel werden ermittelt.
07.07.2022 16:50:13	Standardeinschränkungen werden ermittelt.
07.07.2022 16:50:13	CHECK-Einschränkungen werden ermittelt.
07.07.2022 16:50:13	Sichten werden ermittelt.
07.07.2022 16:50:13	Verschlüsselte Sichten werden gesammelt.
07.07.2022 16:50:13	Indizes werden ermittelt.
07.07.2022 16:50:13	Statistiken werden ermittelt.
07.07.2022 16:50:13	Volltextindex-Stopplisten werden ermittelt.
07.07.2022 16:50:13	Sucheigenschaftenlisten werden ermittelt.
07.07.2022 16:50:13	Sucheigenschaften werden ermittelt.
07.07.2022 16:50:13	Volltextindizes werden ermittelt.
07.07.2022 16:50:13	Columnstore-Indizes werden gesammelt
07.07.2022 16:50:13	Räumliche Indizes werden ermittelt.
07.07.2022 16:50:13	XML-Indizes werden ermittelt.
07.07.2022 16:50:13	Selektive XML-Indexe werden ermittelt.
07.07.2022 16:50:13	Verschlüsselte Trigger werden gesammelt.
07.07.2022 16:50:13	Trigger werden ermittelt.
07.07.2022 16:50:13	Verschlüsselte Trigger und CLR-DDL-Trigger werden ermittelt.
07.07.2022 16:50:13	DDL-Trigger werden ermittelt.
07.07.2022 16:50:13	Edgeeinschränkungen werden erstellt.
07.07.2022 16:50:13	Synonyme werden ermittelt.
07.07.2022 16:50:13	Standardwerte werden ermittelt.
07.07.2022 16:50:13	UDDT-Bindungen für Dateneinschränkungen werden gesammelt.
07.07.2022 16:50:13	Regeln werden ermittelt.
07.07.2022 16:50:13	UDDT-Bindungen für Dateneinschränkungen werden gesammelt.
07.07.2022 16:50:13	Nachrichtentypen werden ermittelt.
07.07.2022 16:50:13	Warteschlangen werden ermittelt.
07.07.2022 16:50:13	Verträge werden ermittelt.
07.07.2022 16:50:13	Dienste werden ermittelt.
07.07.2022 16:50:13	Ereignisbenachrichtigungen werden ermittelt.
07.07.2022 16:50:13	Remotedienstbindungen werden ermittelt.
07.07.2022 16:50:13	Broker-Prioritäten werden ermittelt.
07.07.2022 16:50:13	Signaturen werden ermittelt.
07.07.2022 16:50:13	Datenkomprimierungsoptionen werden ermittelt.
07.07.2022 16:50:13	Sequenztypen werden ermittelt.
07.07.2022 16:50:13	Sicherheitsrichtlinien werden ermittelt
07.07.2022 16:50:13	Verschlüsselungsschlüssel für Spalten werden ermittelt
07.07.2022 16:50:13	Hauptschlüssel für Spalten werden ermittelt
07.07.2022 16:50:13	Externe Datenquellen werden gesammelt
07.07.2022 16:50:13	Externe Dateiformate werden gesammelt
07.07.2022 16:50:13	Externe Tabellen werden gesammelt
07.07.2022 16:50:13	Erweiterte Eigenschaften werden ermittelt.
07.07.2022 16:50:14	Anmeldeinformationen werden ermittelt.
07.07.2022 16:50:14	Anmeldungen werden ermittelt.
07.07.2022 16:50:14	Serverüberwachungen werden ermittelt.
07.07.2022 16:50:15	Das Projekt wird auf doppelte Elemente überprüft.
07.07.2022 16:50:15	Die Verarbeitung doppelter Elemente wurde abgeschlossen.
07.07.2022 16:50:16	Datenbankimport abgeschlossen.
07.07.2022 16:50:16	Eine Zusammenfassung des Importvorgangs wurde an folgendem Ort gespeichert: C:\Projects\tsql_Tools_Log\tsql_Tools_Log\Schemaprotokolle importieren\tsql_Tools_Log_20220707025004.log
07.07.2022 16:50:16	Klicken Sie auf "Fertig stellen", um den Vorgang fortzusetzen...
